[debug] [2019-12-31T12:22:14.054Z] ----------------------------------------------------------------------
[debug] [2019-12-31T12:22:14.055Z] Command:       /usr/local/bin/firebase /Users/nikos/.cache/firebase/tools/lib/node_modules/firebase-tools/lib/bin/firebase deploy --only functions
[debug] [2019-12-31T12:22:14.056Z] CLI Version:   7.11.0
[debug] [2019-12-31T12:22:14.056Z] Platform:      darwin
[debug] [2019-12-31T12:22:14.056Z] Node Version:  v10.17.0
[debug] [2019-12-31T12:22:14.061Z] Time:          Tue Dec 31 2019 14:22:14 GMT+0200 (Eastern European Standard Time)
[debug] [2019-12-31T12:22:14.062Z] ----------------------------------------------------------------------
[debug] [2019-12-31T12:22:14.062Z] 
[debug] [2019-12-31T12:22:14.072Z] > command requires scopes: ["email","openid","https://www.googleapis.com/auth/cloudplatformprojects.readonly","https://www.googleapis.com/auth/firebase","https://www.googleapis.com/auth/cloud-platform"]
[debug] [2019-12-31T12:22:14.072Z] > authorizing via signed-in user
[debug] [2019-12-31T12:22:14.072Z] [iam] checking project svelte-fullstack-starter for permissions ["cloudfunctions.functions.create","cloudfunctions.functions.delete","cloudfunctions.functions.get","cloudfunctions.functions.list","cloudfunctions.functions.update","cloudfunctions.operations.get","firebase.projects.get"]
[debug] [2019-12-31T12:22:14.074Z] >>> HTTP REQUEST POST https://cloudresourcemanager.googleapis.com/v1/projects/svelte-fullstack-starter:testIamPermissions  

[debug] [2019-12-31T12:22:15.072Z] <<< HTTP RESPONSE 200
[info] 
[info] === Deploying to 'svelte-fullstack-starter'...
[info] 
[info] i  deploying functions
[debug] [2019-12-31T12:22:15.242Z] TypeError [ERR_INVALID_ARG_TYPE]: The "path" argument must be of type string. Received type undefined
    at validateString (internal/validators.js:125:11)
    at Object.join (path.js:1147:7)
    at Config.path (/Users/nikos/.cache/firebase/tools/lib/node_modules/firebase-tools/lib/config.js:149:39)
    at getChildEnvironment (/Users/nikos/.cache/firebase/tools/lib/node_modules/firebase-tools/lib/deploy/lifecycleHooks.js:50:49)
    at runTargetCommands (/Users/nikos/.cache/firebase/tools/lib/node_modules/firebase-tools/lib/deploy/lifecycleHooks.js:71:14)
    at /Users/nikos/.cache/firebase/tools/lib/node_modules/firebase-tools/lib/deploy/lifecycleHooks.js:122:24
    at process._tickCallback (internal/process/next_tick.js:68:7)
[error] 
[error] Error: An unexpected error has occurred.
